method = sample (Default)
method = sample (Default)
  sample
  sample
    num_samples = 1000 (Default)
    num_samples = 1000 (Default)
    num_warmup = 1000 (Default)
    num_warmup = 1000 (Default)
    save_warmup = 0 (Default)
    save_warmup = 0 (Default)
    thin = 1 (Default)
    thin = 1 (Default)
    adapt
    adapt
      engaged = 1 (Default)
      engaged = 1 (Default)
      gamma = 0.050000000000000003 (Default)
      gamma = 0.050000000000000003 (Default)
      delta = 0.80000000000000004 (Default)
      delta = 0.80000000000000004 (Default)
      kappa = 0.75 (Default)
      kappa = 0.75 (Default)
      t0 = 10 (Default)
      t0 = 10 (Default)
      init_buffer = 75 (Default)
      init_buffer = 75 (Default)
      term_buffer = 50 (Default)
      term_buffer = 50 (Default)
      window = 25 (Default)
      window = 25 (Default)
    algorithm = hmc (Default)
    algorithm = hmc (Default)
      hmc
      hmc
        engine = nuts (Default)
        engine = nuts (Default)
          nuts
          nuts
            max_depth = 10 (Default)
            max_depth = 10 (Default)
        metric = diag_e (Default)
        metric = diag_e (Default)
        metric_file =  (Default)
        metric_file =  (Default)
        stepsize = 1 (Default)
        stepsize = 1 (Default)
        stepsize_jitter = 1
        stepsize_jitter = 1
id = 2
id = 1
data
data
  file = /home/runner/work/ArviZ.jl/ArviZ.jl/docs/build/tmp/schools_2.data.R
  file = /home/runner/work/ArviZ.jl/ArviZ.jl/docs/build/tmp/schools_1.data.R
init = 2 (Default)
init = 2 (Default)
random
random
  seed = 28983
  seed = 28983
output
output
  file = /home/runner/work/ArviZ.jl/ArviZ.jl/docs/build/tmp/schools_samples_2.csv
  file = /home/runner/work/ArviZ.jl/ArviZ.jl/docs/build/tmp/schools_samples_1.csv
  diagnostic_file =  (Default)
  diagnostic_file =  (Default)
  refresh = 100 (Default)
  refresh = 100 (Default)
  sig_figs = -1 (Default)
  sig_figs = -1 (Default)



Gradient evaluation took 6e-06 seconds

1000 transitions using 10 leapfrog steps per transition would take 0.06 seconds.
Adjust your expectations accordingly!
Gradient evaluation took 6e-06 seconds


1000 transitions using 10 leapfrog steps per transition would take 0.06 seconds.
Adjust your expectations accordingly!


Iteration:    1 / 2000 [  0%]  (Warmup)
Iteration:    1 / 2000 [  0%]  (Warmup)
method = sample (Default)
  sample
method = sample (Default)
    num_samples = 1000 (Default)
  sample
    num_warmup = 1000 (Default)
    num_samples = 1000 (Default)
    save_warmup = 0 (Default)
    num_warmup = 1000 (Default)
    thin = 1 (Default)
    save_warmup = 0 (Default)
    adapt
    thin = 1 (Default)
      engaged = 1 (Default)
    adapt
      gamma = 0.050000000000000003 (Default)
      engaged = 1 (Default)
      delta = 0.80000000000000004 (Default)
      gamma = 0.050000000000000003 (Default)
      kappa = 0.75 (Default)
      delta = 0.80000000000000004 (Default)
      t0 = 10 (Default)
      kappa = 0.75 (Default)
      init_buffer = 75 (Default)
      t0 = 10 (Default)
      term_buffer = 50 (Default)
      init_buffer = 75 (Default)
      window = 25 (Default)
      term_buffer = 50 (Default)
    algorithm = hmc (Default)
      window = 25 (Default)
      hmc
    algorithm = hmc (Default)
        engine = nuts (Default)
      hmc
          nuts
        engine = nuts (Default)
            max_depth = 10 (Default)
          nuts
        metric = diag_e (Default)
            max_depth = 10 (Default)
        metric_file =  (Default)
        metric = diag_e (Default)
        stepsize = 1 (Default)
        metric_file =  (Default)
        stepsize_jitter = 1
        stepsize = 1 (Default)
id = 4
        stepsize_jitter = 1
data
id = 3
  file = /home/runner/work/ArviZ.jl/ArviZ.jl/docs/build/tmp/schools_4.data.R
data
init = 2 (Default)
  file = /home/runner/work/ArviZ.jl/ArviZ.jl/docs/build/tmp/schools_3.data.R
random
init = 2 (Default)
  seed = 28983
random
output
  seed = 28983
  file = /home/runner/work/ArviZ.jl/ArviZ.jl/docs/build/tmp/schools_samples_4.csv
output
  diagnostic_file =  (Default)
  file = /home/runner/work/ArviZ.jl/ArviZ.jl/docs/build/tmp/schools_samples_3.csv
  refresh = 100 (Default)
  diagnostic_file =  (Default)
  sig_figs = -1 (Default)
  refresh = 100 (Default)

  sig_figs = -1 (Default)


Gradient evaluation took 6e-06 seconds

1000 transitions using 10 leapfrog steps per transition would take 0.06 seconds.
Adjust your expectations accordingly!

Gradient evaluation took 6e-06 seconds

1000 transitions using 10 leapfrog steps per transition would take 0.06 seconds.
Adjust your expectations accordingly!


Iteration:    1 / 2000 [  0%]  (Warmup)
Iteration:    1 / 2000 [  0%]  (Warmup)
Iteration:  100 / 2000 [  5%]  (Warmup)
Iteration:  100 / 2000 [  5%]  (Warmup)
Iteration:  200 / 2000 [ 10%]  (Warmup)
Iteration:  200 / 2000 [ 10%]  (Warmup)
Iteration:  100 / 2000 [  5%]  (Warmup)
Iteration:  100 / 2000 [  5%]  (Warmup)
Iteration:  200 / 2000 [ 10%]  (Warmup)
Iteration:  300 / 2000 [ 15%]  (Warmup)
Iteration:  400 / 2000 [ 20%]  (Warmup)
Iteration:  300 / 2000 [ 15%]  (Warmup)
Iteration:  200 / 2000 [ 10%]  (Warmup)
Iteration:  300 / 2000 [ 15%]  (Warmup)
Iteration:  300 / 2000 [ 15%]  (Warmup)
Iteration:  500 / 2000 [ 25%]  (Warmup)
Iteration:  400 / 2000 [ 20%]  (Warmup)
Iteration:  600 / 2000 [ 30%]  (Warmup)
Iteration:  500 / 2000 [ 25%]  (Warmup)
Iteration:  700 / 2000 [ 35%]  (Warmup)
Iteration:  400 / 2000 [ 20%]  (Warmup)
Iteration:  400 / 2000 [ 20%]  (Warmup)
Iteration:  500 / 2000 [ 25%]  (Warmup)
Iteration:  600 / 2000 [ 30%]  (Warmup)
Iteration:  800 / 2000 [ 40%]  (Warmup)
Iteration:  700 / 2000 [ 35%]  (Warmup)
Iteration:  900 / 2000 [ 45%]  (Warmup)
Iteration:  500 / 2000 [ 25%]  (Warmup)
Iteration:  600 / 2000 [ 30%]  (Warmup)
Iteration: 1000 / 2000 [ 50%]  (Warmup)
Iteration: 1001 / 2000 [ 50%]  (Sampling)
Iteration:  700 / 2000 [ 35%]  (Warmup)
Iteration:  800 / 2000 [ 40%]  (Warmup)
Iteration: 1100 / 2000 [ 55%]  (Sampling)
Iteration:  900 / 2000 [ 45%]  (Warmup)
Iteration:  600 / 2000 [ 30%]  (Warmup)
Iteration:  800 / 2000 [ 40%]  (Warmup)
Iteration:  700 / 2000 [ 35%]  (Warmup)
Iteration:  900 / 2000 [ 45%]  (Warmup)
Iteration: 1000 / 2000 [ 50%]  (Warmup)
Iteration: 1001 / 2000 [ 50%]  (Sampling)
Iteration:  800 / 2000 [ 40%]  (Warmup)
Iteration:  900 / 2000 [ 45%]  (Warmup)
Iteration: 1100 / 2000 [ 55%]  (Sampling)
Iteration: 1000 / 2000 [ 50%]  (Warmup)
Iteration: 1001 / 2000 [ 50%]  (Sampling)
Iteration: 1200 / 2000 [ 60%]  (Sampling)
Iteration: 1300 / 2000 [ 65%]  (Sampling)
Iteration: 1200 / 2000 [ 60%]  (Sampling)
Iteration: 1100 / 2000 [ 55%]  (Sampling)
Iteration: 1000 / 2000 [ 50%]  (Warmup)
Iteration: 1001 / 2000 [ 50%]  (Sampling)
Iteration: 1400 / 2000 [ 70%]  (Sampling)
Iteration: 1300 / 2000 [ 65%]  (Sampling)
Iteration: 1100 / 2000 [ 55%]  (Sampling)
Iteration: 1200 / 2000 [ 60%]  (Sampling)
Iteration: 1300 / 2000 [ 65%]  (Sampling)
Iteration: 1500 / 2000 [ 75%]  (Sampling)
Iteration: 1200 / 2000 [ 60%]  (Sampling)
Iteration: 1400 / 2000 [ 70%]  (Sampling)
Iteration: 1400 / 2000 [ 70%]  (Sampling)
Iteration: 1600 / 2000 [ 80%]  (Sampling)
Iteration: 1500 / 2000 [ 75%]  (Sampling)
Iteration: 1300 / 2000 [ 65%]  (Sampling)
Iteration: 1500 / 2000 [ 75%]  (Sampling)
Iteration: 1700 / 2000 [ 85%]  (Sampling)
Iteration: 1600 / 2000 [ 80%]  (Sampling)
Iteration: 1600 / 2000 [ 80%]  (Sampling)
Iteration: 1800 / 2000 [ 90%]  (Sampling)
Iteration: 1400 / 2000 [ 70%]  (Sampling)
Iteration: 1500 / 2000 [ 75%]  (Sampling)
Iteration: 1700 / 2000 [ 85%]  (Sampling)
Iteration: 1900 / 2000 [ 95%]  (Sampling)
Iteration: 1700 / 2000 [ 85%]  (Sampling)
Iteration: 2000 / 2000 [100%]  (Sampling)

 Elapsed Time: 0.092 seconds (Warm-up)
               0.115 seconds (Sampling)
               0.207 seconds (Total)

Iteration: 1800 / 2000 [ 90%]  (Sampling)
Iteration: 1600 / 2000 [ 80%]  (Sampling)
Iteration: 1800 / 2000 [ 90%]  (Sampling)
Iteration: 1700 / 2000 [ 85%]  (Sampling)
Iteration: 1900 / 2000 [ 95%]  (Sampling)
Iteration: 1800 / 2000 [ 90%]  (Sampling)
Iteration: 1900 / 2000 [ 95%]  (Sampling)
Iteration: 1900 / 2000 [ 95%]  (Sampling)
Iteration: 2000 / 2000 [100%]  (Sampling)

 Elapsed Time: 0.112 seconds (Warm-up)
               0.126 seconds (Sampling)
               0.238 seconds (Total)

Iteration: 2000 / 2000 [100%]  (Sampling)

 Elapsed Time: 0.126 seconds (Warm-up)
               0.105 seconds (Sampling)
               0.231 seconds (Total)

Iteration: 2000 / 2000 [100%]  (Sampling)

 Elapsed Time: 0.111 seconds (Warm-up)
               0.122 seconds (Sampling)
               0.233 seconds (Total)

